0 info it worked if it ends with ok
1 verbose cli [ 'C:\\Program Files\\nodejs\\node.exe',
1 verbose cli   'C:\\Program Files\\nodejs\\node_modules\\npm\\bin\\npm-cli.js',
1 verbose cli   'start' ]
2 info using npm@3.10.10
3 info using node@v6.11.0
4 verbose run-script [ 'prestart', 'start', 'poststart' ]
5 info lifecycle angular-seed@0.0.0~prestart: angular-seed@0.0.0
6 verbose lifecycle angular-seed@0.0.0~prestart: unsafe-perm in lifecycle true
7 verbose lifecycle angular-seed@0.0.0~prestart: PATH: C:\Program Files\nodejs\node_modules\npm\bin\node-gyp-bin;C:\Users\Christian\Documents\GitHub\SandBox\AJS\asf4fgpa\node_modules\.bin;C:\ProgramData\Oracle\Java\javapath;C:\Program Files (x86)\GDAL;C:\Program Files\Common Files\Microsoft Shared\Windows Live;C:\Program Files (x86)\Common Files\Microsoft Shared\Windows Live;c:\Program Files (x86)\Intel\iCLS Client\;c:\Program Files\Intel\iCLS Client\;c:\Program Files (x86)\AMD APP\bin\x86_64;c:\Program Files (x86)\AMD APP\bin\x86;C:\WINDOWS\system32;C:\WINDOWS;C:\WINDOWS\System32\Wbem;C:\WINDOWS\System32\WindowsPowerShell\v1.0\;c:\Program Files (x86)\ATI Technologies\ATI.ACE\Core-Static;C:\Program Files (x86)\Windows Live\Shared;C:\Python27;C:\Program Files (x86)\GTK2-Runtime\bin;C:\Program Files\Calibre2\;C:\Program Files\Microsoft SQL Server\110\Tools\Binn\;C:\Program Files (x86)\Microsoft SDKs\TypeScript\1.0\;C:\Program Files\Microsoft SQL Server\120\Tools\Binn\;C:\Program Files (x86)\CMake\bin;c:\dev\libraries\qt-everywhere-opensource-src-4.8.2\bin;C:\dev\boost_1_58_0\lib64-msvc-12.0;C:\dev\qt-everywhere-opensource-src-4.8.2\bin;C:\dev\libQGLViewer-2.6.1\QGLViewer\release;C:\dev\libQGLViewer-2.6.1\QGLViewer\debug;C:\dev\CGAL-4.6\build\bin;C:\dev\CGAL-4.6\auxiliary\gmp\lib;C:\Program Files (x86)\QuickTime\QTSystem\;C:\Program Files (x86)\ATI Technologies\ATI.ACE\Core-Static;C:\ant\apache-ant-1.9.6\bin;C:\WINDOWS\system32\config\systemprofile\.dnx\bin;C:\Program Files\Microsoft DNX\Dnvm\;C:\Program Files (x86)\Windows Kits\10\Windows Performance Toolkit\;C:\Program Files\Git\cmd;C:\Program Files (x86)\Druide\Antidote 9\Application\Bin64\;C:\Program Files (x86)\Druide\Antidote 9\Application\Bin32\;C:\ProgramData\chocolatey\bin;C:\Program Files\nodejs\;C:\WINDOWS\system32\WindowsPowerShell\v1.0\;C:\Program Files (x86)\GDAL;\Microsoft Shared\Windows Live;C:\Program Files (x86)\Common Files\Microsoft Shared\Windows Live;c:\Program Files (x86)\Intel\iCLS Client\;c:\Program Files\Intel\iCLS Client\;c:\Program Files (x86)\AMD APP\bin\x86_64;c:\Program Files (x86)\AMD APP\bin\x86;C:\Windows\system32;C:\Windows;C:\Windows\System32\Wbem;C:\Windows\System32\WindowsPowerShell\v1.0\;c:\Program Files (x86)\ATI Technologies\ATI.ACE\Core-Static;C:\Program Files (x86)\Windows Live\Shared;C:\Python27;C:\Users\Christian\AppData\Local\atom\bin;C:\Program Files (x86)\Microsoft VS Code\bin;C:\Users\Christian\AppData\Local\Microsoft\WindowsApps;C:\Users\Christian\AppData\Roaming\npm;C:\Users\Christian\AppData\Local\GitHub\PortableGit_f02737a78695063deace08e96d5042710d3e32db\cmd;C:\Users\Christian\AppData\Local\GitHub\PortableGit_f02737a78695063deace08e96d5042710d3e32db\usr\bin;C:\Users\Christian\AppData\Local\GitHub\PortableGit_f02737a78695063deace08e96d5042710d3e32db\usr\share\git-tfs;C:\Users\Christian\AppData\Local\GitHub\lfs-amd64_1.5.5;C:\Users\Christian\AppData\Local\Apps\2.0\GCRT3M5R.P65\9ZLNECKA.XND\gith..tion_317444273a93ac29_0003.0003_5794af8169eeff14;C:\Program Files (x86)\MSBuild\14.0\bin\;C:\Program Files (x86)\Microsoft SDKs\Windows\v8.1A\bin\NETFX 4.5.1 Tools\x64;C:\Program Files (x86)\Microsoft SDKs\F#\3.1\Framework\v4.0\
8 verbose lifecycle angular-seed@0.0.0~prestart: CWD: C:\Users\Christian\Documents\GitHub\SandBox\AJS\asf4fgpa
9 silly lifecycle angular-seed@0.0.0~prestart: Args: [ '/d /s /c', 'npm install' ]
10 silly lifecycle angular-seed@0.0.0~prestart: Returned: code: 0  signal: null
11 info lifecycle angular-seed@0.0.0~start: angular-seed@0.0.0
12 verbose lifecycle angular-seed@0.0.0~start: unsafe-perm in lifecycle true
13 verbose lifecycle angular-seed@0.0.0~start: PATH: C:\Program Files\nodejs\node_modules\npm\bin\node-gyp-bin;C:\Users\Christian\Documents\GitHub\SandBox\AJS\asf4fgpa\node_modules\.bin;C:\ProgramData\Oracle\Java\javapath;C:\Program Files (x86)\GDAL;C:\Program Files\Common Files\Microsoft Shared\Windows Live;C:\Program Files (x86)\Common Files\Microsoft Shared\Windows Live;c:\Program Files (x86)\Intel\iCLS Client\;c:\Program Files\Intel\iCLS Client\;c:\Program Files (x86)\AMD APP\bin\x86_64;c:\Program Files (x86)\AMD APP\bin\x86;C:\WINDOWS\system32;C:\WINDOWS;C:\WINDOWS\System32\Wbem;C:\WINDOWS\System32\WindowsPowerShell\v1.0\;c:\Program Files (x86)\ATI Technologies\ATI.ACE\Core-Static;C:\Program Files (x86)\Windows Live\Shared;C:\Python27;C:\Program Files (x86)\GTK2-Runtime\bin;C:\Program Files\Calibre2\;C:\Program Files\Microsoft SQL Server\110\Tools\Binn\;C:\Program Files (x86)\Microsoft SDKs\TypeScript\1.0\;C:\Program Files\Microsoft SQL Server\120\Tools\Binn\;C:\Program Files (x86)\CMake\bin;c:\dev\libraries\qt-everywhere-opensource-src-4.8.2\bin;C:\dev\boost_1_58_0\lib64-msvc-12.0;C:\dev\qt-everywhere-opensource-src-4.8.2\bin;C:\dev\libQGLViewer-2.6.1\QGLViewer\release;C:\dev\libQGLViewer-2.6.1\QGLViewer\debug;C:\dev\CGAL-4.6\build\bin;C:\dev\CGAL-4.6\auxiliary\gmp\lib;C:\Program Files (x86)\QuickTime\QTSystem\;C:\Program Files (x86)\ATI Technologies\ATI.ACE\Core-Static;C:\ant\apache-ant-1.9.6\bin;C:\WINDOWS\system32\config\systemprofile\.dnx\bin;C:\Program Files\Microsoft DNX\Dnvm\;C:\Program Files (x86)\Windows Kits\10\Windows Performance Toolkit\;C:\Program Files\Git\cmd;C:\Program Files (x86)\Druide\Antidote 9\Application\Bin64\;C:\Program Files (x86)\Druide\Antidote 9\Application\Bin32\;C:\ProgramData\chocolatey\bin;C:\Program Files\nodejs\;C:\WINDOWS\system32\WindowsPowerShell\v1.0\;C:\Program Files (x86)\GDAL;\Microsoft Shared\Windows Live;C:\Program Files (x86)\Common Files\Microsoft Shared\Windows Live;c:\Program Files (x86)\Intel\iCLS Client\;c:\Program Files\Intel\iCLS Client\;c:\Program Files (x86)\AMD APP\bin\x86_64;c:\Program Files (x86)\AMD APP\bin\x86;C:\Windows\system32;C:\Windows;C:\Windows\System32\Wbem;C:\Windows\System32\WindowsPowerShell\v1.0\;c:\Program Files (x86)\ATI Technologies\ATI.ACE\Core-Static;C:\Program Files (x86)\Windows Live\Shared;C:\Python27;C:\Users\Christian\AppData\Local\atom\bin;C:\Program Files (x86)\Microsoft VS Code\bin;C:\Users\Christian\AppData\Local\Microsoft\WindowsApps;C:\Users\Christian\AppData\Roaming\npm;C:\Users\Christian\AppData\Local\GitHub\PortableGit_f02737a78695063deace08e96d5042710d3e32db\cmd;C:\Users\Christian\AppData\Local\GitHub\PortableGit_f02737a78695063deace08e96d5042710d3e32db\usr\bin;C:\Users\Christian\AppData\Local\GitHub\PortableGit_f02737a78695063deace08e96d5042710d3e32db\usr\share\git-tfs;C:\Users\Christian\AppData\Local\GitHub\lfs-amd64_1.5.5;C:\Users\Christian\AppData\Local\Apps\2.0\GCRT3M5R.P65\9ZLNECKA.XND\gith..tion_317444273a93ac29_0003.0003_5794af8169eeff14;C:\Program Files (x86)\MSBuild\14.0\bin\;C:\Program Files (x86)\Microsoft SDKs\Windows\v8.1A\bin\NETFX 4.5.1 Tools\x64;C:\Program Files (x86)\Microsoft SDKs\F#\3.1\Framework\v4.0\
14 verbose lifecycle angular-seed@0.0.0~start: CWD: C:\Users\Christian\Documents\GitHub\SandBox\AJS\asf4fgpa
15 silly lifecycle angular-seed@0.0.0~start: Args: [ '/d /s /c', 'http-server -a localhost -p 8000 -c-1 ./app' ]
16 verbose stack Error: kill ENOSYS
16 verbose stack     at exports._errnoException (util.js:1018:11)
16 verbose stack     at process.kill (internal/process.js:190:13)
16 verbose stack     at process.listener (C:\Program Files\nodejs\node_modules\npm\node_modules\npmlog\node_modules\gauge\node_modules\signal-exit\index.js:86:15)
16 verbose stack     at emitNone (events.js:91:20)
16 verbose stack     at process.emit (events.js:185:7)
16 verbose stack     at processEmit (C:\Program Files\nodejs\node_modules\npm\node_modules\npmlog\node_modules\gauge\node_modules\signal-exit\index.js:146:32)
16 verbose stack     at processEmit (C:\Program Files\nodejs\node_modules\npm\node_modules\npm-registry-client\node_modules\npmlog\node_modules\gauge\node_modules\signal-exit\index.js:146:32)
16 verbose stack     at Signal.wrap.onsignal (internal/process.js:217:44)
17 verbose cwd C:\Users\Christian\Documents\GitHub\SandBox\AJS\asf4fgpa
18 error Windows_NT 10.0.15063
19 error argv "C:\\Program Files\\nodejs\\node.exe" "C:\\Program Files\\nodejs\\node_modules\\npm\\bin\\npm-cli.js" "start"
20 error node v6.11.0
21 error npm  v3.10.10
22 error code ENOSYS
23 error errno ENOSYS
24 error syscall kill
25 error kill ENOSYS
26 error If you need help, you may report this error at:
26 error     <https://github.com/npm/npm/issues>
27 verbose exit [ 1, true ]
